<?xml version="1.0" encoding="UTF-8"?>
<!-- Generated by org.testng.reporters.JUnitReportReporter -->
<testsuite hostname="IN-BAV-L0832" failures="0" tests="1" name="com.tests.serachproduct.SearchProductTests" time="33.906" errors="0" timestamp="2021-03-20T22:29:44 IST" skipped="0">
  <testcase classname="com.tests.serachproduct.SearchProductTests" name="searchProductFieldTests" time="33.906"/>
  <system-out/>
</testsuite> <!-- com.tests.serachproduct.SearchProductTests -->
